TN:
SF:src/controllers/currency.ts
FN:19,lambdaHandler
FNF:1
FNH:1
FNDA:2,lambdaHandler
DA:1,1
DA:2,1
DA:3,1
DA:4,1
DA:5,1
DA:6,1
DA:7,1
DA:8,1
DA:9,1
DA:10,1
DA:11,1
DA:12,1
DA:13,1
DA:14,1
DA:15,1
DA:16,1
DA:17,1
DA:18,1
DA:19,1
DA:20,2
DA:21,2
DA:22,2
DA:23,2
DA:24,2
DA:25,2
DA:26,2
DA:27,2
DA:28,2
DA:29,2
DA:30,2
DA:31,2
DA:32,2
DA:33,2
DA:34,2
DA:35,2
DA:36,2
DA:37,2
DA:38,2
DA:39,2
DA:40,2
DA:41,2
DA:42,2
DA:43,2
DA:44,2
DA:45,1
DA:46,1
DA:47,1
DA:48,1
DA:49,1
DA:50,1
DA:51,1
DA:52,1
DA:53,1
DA:54,1
DA:55,1
DA:56,1
DA:57,1
DA:58,1
DA:59,1
DA:60,1
DA:61,1
DA:62,1
DA:63,1
DA:64,1
DA:65,1
DA:66,1
DA:67,1
DA:68,1
DA:69,1
DA:70,1
DA:71,1
DA:72,1
DA:73,1
DA:74,1
DA:75,1
DA:76,1
DA:77,1
DA:78,1
DA:79,1
DA:80,1
DA:81,1
DA:82,1
DA:83,1
DA:84,1
DA:85,1
DA:86,1
DA:87,1
DA:88,1
DA:89,1
DA:90,1
DA:91,1
DA:92,1
DA:93,1
DA:94,1
DA:95,1
DA:96,1
DA:97,1
DA:98,1
DA:99,1
DA:100,1
DA:101,1
DA:102,1
DA:103,1
DA:104,1
DA:105,1
DA:106,1
DA:107,1
DA:108,1
DA:109,1
DA:110,1
DA:111,1
DA:112,1
DA:113,1
DA:114,1
DA:115,1
DA:116,1
DA:117,1
DA:118,1
DA:119,1
DA:120,1
DA:121,1
DA:122,1
DA:123,1
DA:124,1
DA:125,1
DA:126,1
DA:127,1
DA:128,1
DA:129,1
DA:130,1
LF:130
LH:130
BRDA:19,0,0,2
BRDA:44,1,0,1
BRF:2
BRH:2
end_of_record
TN:
SF:src/controllers/getResquests.ts
FN:16,lambdaHandler
FNF:1
FNH:1
FNDA:2,lambdaHandler
DA:1,1
DA:2,1
DA:3,1
DA:4,1
DA:5,1
DA:6,1
DA:7,1
DA:8,1
DA:9,1
DA:10,1
DA:11,1
DA:12,1
DA:13,1
DA:14,1
DA:15,1
DA:16,1
DA:17,2
DA:18,2
DA:19,2
DA:20,2
DA:21,2
DA:22,2
DA:23,2
DA:24,2
DA:25,2
DA:26,2
DA:27,2
DA:28,2
DA:29,2
DA:30,2
DA:31,2
DA:32,2
DA:33,2
DA:34,2
DA:35,2
DA:36,2
DA:37,2
DA:38,2
DA:39,2
DA:40,2
DA:41,2
DA:42,2
DA:43,2
DA:44,2
DA:45,2
DA:46,2
DA:47,2
DA:48,2
DA:49,2
DA:50,2
DA:51,2
DA:52,2
DA:53,2
DA:54,2
DA:55,2
DA:56,2
DA:57,2
DA:58,2
DA:59,2
DA:60,2
DA:61,1
DA:62,1
LF:62
LH:62
BRDA:16,0,0,2
BRDA:21,1,0,1
BRDA:21,2,0,1
BRF:3
BRH:3
end_of_record
TN:
SF:src/controllers/signIn.ts
FN:15,lambdaHandler
FNF:1
FNH:1
FNDA:1,lambdaHandler
DA:1,1
DA:2,1
DA:3,1
DA:4,1
DA:5,1
DA:6,1
DA:7,1
DA:8,1
DA:9,1
DA:10,1
DA:11,1
DA:12,1
DA:13,1
DA:14,1
DA:15,1
DA:16,1
DA:17,1
DA:18,1
DA:19,1
DA:20,1
DA:21,1
DA:22,1
DA:23,1
DA:24,1
DA:25,1
DA:26,1
DA:27,1
DA:28,1
DA:29,1
DA:30,1
DA:31,1
DA:32,1
DA:33,1
DA:34,1
DA:35,1
DA:36,1
DA:37,1
DA:38,1
DA:39,1
DA:40,1
DA:41,1
DA:42,1
DA:43,1
DA:44,1
DA:45,1
DA:46,1
DA:47,1
DA:48,1
DA:49,1
DA:50,1
DA:51,1
DA:52,1
DA:53,1
DA:54,1
DA:55,1
DA:56,1
DA:57,1
DA:58,1
DA:59,1
DA:60,1
DA:61,1
DA:62,1
DA:63,1
DA:64,1
DA:65,1
DA:66,1
DA:67,1
DA:68,1
DA:69,1
DA:70,1
DA:71,1
DA:72,1
DA:73,1
DA:74,1
DA:75,1
DA:76,1
LF:76
LH:76
BRDA:15,0,0,1
BRF:1
BRH:1
end_of_record
TN:
SF:src/controllers/signUp.ts
FN:15,lambdaHandler
FNF:1
FNH:1
FNDA:1,lambdaHandler
DA:1,1
DA:2,1
DA:3,1
DA:4,1
DA:5,1
DA:6,1
DA:7,1
DA:8,1
DA:9,1
DA:10,1
DA:11,1
DA:12,1
DA:13,1
DA:14,1
DA:15,1
DA:16,1
DA:17,1
DA:18,1
DA:19,1
DA:20,1
DA:21,1
DA:22,1
DA:23,1
DA:24,1
DA:25,1
DA:26,1
DA:27,1
DA:28,1
DA:29,1
DA:30,1
DA:31,1
DA:32,1
DA:33,1
DA:34,1
DA:35,1
DA:36,1
DA:37,1
DA:38,1
DA:39,1
DA:40,1
DA:41,1
DA:42,1
DA:43,1
DA:44,1
DA:45,1
DA:46,1
DA:47,1
DA:48,1
DA:49,1
DA:50,1
DA:51,1
DA:52,1
DA:53,1
DA:54,1
DA:55,1
DA:56,1
DA:57,1
DA:58,1
DA:59,1
DA:60,1
DA:61,1
DA:62,1
DA:63,1
DA:64,1
DA:65,1
DA:66,1
DA:67,1
DA:68,1
DA:69,1
DA:70,1
DA:71,1
DA:72,1
DA:73,1
DA:74,1
DA:75,1
LF:75
LH:75
BRDA:15,0,0,1
BRF:1
BRH:1
end_of_record
TN:
SF:src/enums/ApiLayerPathEnum.ts
FNF:0
FNH:0
DA:1,1
DA:2,1
DA:3,1
DA:4,1
LF:4
LH:4
BRDA:1,0,0,1
BRF:1
BRH:1
end_of_record
TN:
SF:src/enums/AuthServiceEnum.ts
FNF:0
FNH:0
DA:1,1
DA:2,1
DA:3,1
DA:4,1
DA:5,1
DA:6,1
DA:7,1
DA:8,1
DA:9,1
DA:10,1
DA:11,1
DA:12,1
LF:12
LH:12
BRDA:1,0,0,4
BRDA:5,1,0,4
BRDA:10,2,0,4
BRF:3
BRH:3
end_of_record
TN:
SF:src/enums/DynamoDBSortEnum.ts
FNF:0
FNH:0
DA:1,1
DA:2,1
DA:3,1
DA:4,1
LF:4
LH:4
BRDA:1,0,0,2
BRF:1
BRH:1
end_of_record
TN:
SF:src/enums/LoggerLevelEnum.ts
FNF:0
FNH:0
DA:1,1
DA:2,1
DA:3,1
DA:4,1
DA:5,1
DA:6,1
DA:7,1
DA:8,1
DA:9,1
DA:10,1
DA:11,1
DA:12,1
DA:13,1
DA:14,1
DA:15,1
DA:16,1
DA:17,1
DA:18,1
LF:18
LH:18
BRDA:1,0,0,8
BRDA:8,1,0,8
BRDA:14,2,0,8
BRF:3
BRH:3
end_of_record
TN:
SF:src/middlewares/CatchError.ts
FN:13,onError
FNF:1
FNH:1
FNDA:7,onError
DA:1,1
DA:2,1
DA:3,1
DA:4,1
DA:5,1
DA:6,1
DA:7,1
DA:8,1
DA:9,1
DA:10,1
DA:11,1
DA:12,1
DA:13,1
DA:14,7
DA:15,7
DA:16,7
DA:17,7
DA:18,6
DA:19,6
DA:20,6
DA:21,6
DA:22,6
DA:23,6
DA:24,6
DA:25,1
DA:26,1
DA:27,1
DA:28,1
DA:29,1
DA:30,1
DA:31,7
DA:32,7
DA:33,7
DA:34,7
DA:35,7
DA:36,7
DA:37,7
DA:38,7
DA:39,7
DA:40,7
DA:41,1
DA:42,1
DA:43,1
LF:43
LH:43
BRDA:13,0,0,7
BRDA:17,1,0,6
BRDA:24,2,0,1
BRF:3
BRH:3
end_of_record
TN:
SF:src/middlewares/CurrencyMiddleware.ts
FN:11,before
FNF:1
FNH:1
FNDA:4,before
DA:1,1
DA:2,1
DA:3,1
DA:4,1
DA:5,1
DA:6,1
DA:7,1
DA:8,1
DA:9,1
DA:10,1
DA:11,1
DA:12,4
DA:13,4
DA:14,4
DA:15,4
DA:16,4
DA:17,4
DA:18,4
DA:19,4
DA:20,8
DA:21,4
DA:22,4
DA:23,4
DA:24,4
DA:25,4
DA:26,4
DA:27,4
DA:28,1
DA:29,1
DA:30,1
DA:31,1
DA:32,4
DA:33,1
LF:33
LH:33
BRDA:11,0,0,4
BRDA:27,1,0,1
BRDA:19,2,0,8
BRDA:23,3,0,4
BRDA:24,4,0,3
BRF:5
BRH:5
end_of_record
TN:
SF:src/middlewares/LogUser.ts
FN:16,before
FNF:1
FNH:1
FNDA:6,before
DA:1,1
DA:2,1
DA:3,1
DA:4,1
DA:5,1
DA:6,1
DA:7,1
DA:8,1
DA:9,1
DA:10,1
DA:11,1
DA:12,1
DA:13,1
DA:14,1
DA:15,1
DA:16,1
DA:17,6
DA:18,2
DA:19,2
DA:20,2
DA:21,2
DA:22,2
DA:23,1
DA:24,1
DA:25,1
DA:26,1
DA:27,1
DA:28,1
DA:29,1
DA:30,1
DA:31,1
DA:32,1
DA:33,1
DA:34,1
DA:35,1
DA:36,1
DA:37,1
DA:38,1
DA:39,1
DA:40,1
DA:41,6
DA:42,4
DA:43,4
DA:44,4
DA:45,4
DA:46,4
DA:47,4
DA:48,4
DA:49,6
DA:50,1
LF:50
LH:50
BRDA:16,0,0,6
BRDA:17,1,0,2
BRDA:20,2,0,1
BRDA:22,3,0,1
BRDA:41,4,0,4
BRDA:31,5,0,1
BRF:6
BRH:6
end_of_record
TN:
SF:src/models/CurrencyRequestModel.ts
FN:13,<instance_members_initializer>
FN:23,getInstance
FN:36,destroyInstance
FN:47,saveCurrencyRequest
FN:80,getRequestsByUsername
FNF:5
FNH:5
FNDA:6,<instance_members_initializer>
FNDA:7,getInstance
FNDA:6,destroyInstance
FNDA:1,saveCurrencyRequest
FNDA:1,getRequestsByUsername
DA:1,1
DA:2,1
DA:3,1
DA:4,1
DA:5,1
DA:6,1
DA:7,1
DA:8,1
DA:9,1
DA:10,1
DA:11,1
DA:12,1
DA:13,1
DA:14,6
DA:15,6
DA:16,1
DA:17,1
DA:18,1
DA:19,1
DA:20,1
DA:21,1
DA:22,1
DA:23,1
DA:24,7
DA:25,6
DA:26,6
DA:27,7
DA:28,7
DA:29,7
DA:30,1
DA:31,1
DA:32,1
DA:33,1
DA:34,1
DA:35,1
DA:36,1
DA:37,6
DA:38,6
DA:39,1
DA:40,1
DA:41,1
DA:42,1
DA:43,1
DA:44,1
DA:45,1
DA:46,1
DA:47,1
DA:48,1
DA:49,1
DA:50,1
DA:51,1
DA:52,1
DA:53,1
DA:54,1
DA:55,1
DA:56,1
DA:57,1
DA:58,1
DA:59,1
DA:60,1
DA:61,1
DA:62,1
DA:63,1
DA:64,1
DA:65,1
DA:66,1
DA:67,1
DA:68,1
DA:69,1
DA:70,1
DA:71,1
DA:72,1
DA:73,1
DA:74,1
DA:75,1
DA:76,1
DA:77,1
DA:78,1
DA:79,1
DA:80,1
DA:81,1
DA:82,1
DA:83,1
DA:84,1
DA:85,1
DA:86,1
DA:87,1
DA:88,1
DA:89,1
DA:90,1
DA:91,1
DA:92,1
DA:93,1
DA:94,1
DA:95,1
DA:96,1
DA:97,1
DA:98,1
DA:99,1
DA:100,1
DA:101,1
LF:101
LH:101
BRDA:13,0,0,6
BRDA:23,1,0,7
BRDA:24,2,0,6
BRDA:36,3,0,6
BRDA:47,4,0,1
BRDA:80,5,0,1
BRF:6
BRH:6
end_of_record
TN:
SF:src/services/CognitoService.ts
FN:20,<instance_members_initializer>
FN:26,CognitoService
FN:39,getInstance
FN:52,destroyInstance
FN:63,getUser
FN:81,createAnUser
FN:111,setPasswordToUser
FN:137,getSessionToken
FNF:8
FNH:8
FNDA:12,<instance_members_initializer>
FNDA:12,CognitoService
FNDA:13,getInstance
FNDA:12,destroyInstance
FNDA:2,getUser
FNDA:2,createAnUser
FNDA:2,setPasswordToUser
FNDA:2,getSessionToken
DA:1,1
DA:2,1
DA:3,1
DA:4,1
DA:5,1
DA:6,1
DA:7,1
DA:8,1
DA:9,1
DA:10,1
DA:11,1
DA:12,1
DA:13,1
DA:14,1
DA:15,1
DA:16,1
DA:17,1
DA:18,1
DA:19,1
DA:20,1
DA:21,12
DA:22,12
DA:23,12
DA:24,1
DA:25,1
DA:26,1
DA:27,12
DA:28,12
DA:29,12
DA:30,12
DA:31,12
DA:32,12
DA:33,1
DA:34,1
DA:35,1
DA:36,1
DA:37,1
DA:38,1
DA:39,1
DA:40,13
DA:41,12
DA:42,12
DA:43,13
DA:44,13
DA:45,13
DA:46,1
DA:47,1
DA:48,1
DA:49,1
DA:50,1
DA:51,1
DA:52,1
DA:53,12
DA:54,12
DA:55,1
DA:56,1
DA:57,1
DA:58,1
DA:59,1
DA:60,1
DA:61,1
DA:62,1
DA:63,1
DA:64,2
DA:65,2
DA:66,2
DA:67,2
DA:68,2
DA:69,2
DA:70,1
DA:71,1
DA:72,1
DA:73,1
DA:74,1
DA:75,1
DA:76,1
DA:77,1
DA:78,1
DA:79,1
DA:80,1
DA:81,1
DA:82,2
DA:83,2
DA:84,2
DA:85,2
DA:86,2
DA:87,2
DA:88,2
DA:89,2
DA:90,2
DA:91,2
DA:92,2
DA:93,2
DA:94,2
DA:95,2
DA:96,2
DA:97,2
DA:98,2
DA:99,1
DA:100,1
DA:101,1
DA:102,1
DA:103,1
DA:104,1
DA:105,1
DA:106,1
DA:107,1
DA:108,1
DA:109,1
DA:110,1
DA:111,1
DA:112,2
DA:113,2
DA:114,2
DA:115,2
DA:116,2
DA:117,2
DA:118,2
DA:119,2
DA:120,2
DA:121,2
DA:122,2
DA:123,2
DA:124,2
DA:125,1
DA:126,1
DA:127,1
DA:128,1
DA:129,1
DA:130,1
DA:131,1
DA:132,1
DA:133,1
DA:134,1
DA:135,1
DA:136,1
DA:137,1
DA:138,2
DA:139,2
DA:140,2
DA:141,2
DA:142,2
DA:143,2
DA:144,2
DA:145,2
DA:146,2
DA:147,2
DA:148,2
DA:149,2
DA:150,2
DA:151,2
DA:152,2
DA:153,2
DA:154,1
DA:155,1
DA:156,1
DA:157,1
LF:157
LH:157
BRDA:20,0,0,12
BRDA:26,1,0,12
BRDA:39,2,0,13
BRDA:40,3,0,12
BRDA:52,4,0,12
BRDA:63,5,0,2
BRDA:69,6,0,1
BRDA:81,7,0,2
BRDA:98,8,0,1
BRDA:111,9,0,2
BRDA:124,10,0,1
BRDA:137,11,0,2
BRDA:153,12,0,1
BRF:13
BRH:13
end_of_record
TN:
SF:src/services/CurrencyApiService.ts
FN:9,<instance_members_initializer>
FN:12,CurrencyApiService
FN:19,getInstance
FN:32,destroyInstance
FN:43,getExchangeCurrency
FNF:5
FNH:5
FNDA:5,<instance_members_initializer>
FNDA:5,CurrencyApiService
FNDA:6,getInstance
FNDA:5,destroyInstance
FNDA:1,getExchangeCurrency
DA:1,1
DA:2,1
DA:3,1
DA:4,1
DA:5,1
DA:6,1
DA:7,1
DA:8,1
DA:9,1
DA:10,1
DA:11,1
DA:12,1
DA:13,1
DA:14,1
DA:15,1
DA:16,1
DA:17,1
DA:18,1
DA:19,1
DA:20,6
DA:21,5
DA:22,5
DA:23,6
DA:24,6
DA:25,6
DA:26,1
DA:27,1
DA:28,1
DA:29,1
DA:30,1
DA:31,1
DA:32,1
DA:33,5
DA:34,5
DA:35,1
DA:36,1
DA:37,1
DA:38,1
DA:39,1
DA:40,1
DA:41,1
DA:42,1
DA:43,1
DA:44,1
DA:45,1
DA:46,1
DA:47,1
DA:48,1
DA:49,1
DA:50,1
DA:51,1
DA:52,1
DA:53,1
DA:54,1
DA:55,1
DA:56,1
DA:57,1
DA:58,1
DA:59,1
DA:60,1
DA:61,1
DA:62,1
DA:63,1
DA:64,1
DA:65,1
DA:66,1
DA:67,1
DA:68,1
DA:69,1
DA:70,1
DA:71,1
LF:71
LH:71
BRDA:9,0,0,5
BRDA:12,1,0,5
BRDA:19,2,0,6
BRDA:20,3,0,5
BRDA:32,4,0,5
BRDA:43,5,0,1
BRF:6
BRH:6
end_of_record
TN:
SF:src/services/DynamodbService.ts
FN:14,<instance_members_initializer>
FN:18,DynamodbService
FN:30,getInstance
FN:38,destroyInstance
FN:49,saveItem
FN:82,doQuery
FNF:6
FNH:6
FNDA:14,<instance_members_initializer>
FNDA:14,DynamodbService
FNDA:9,getInstance
FNDA:8,destroyInstance
FNDA:3,saveItem
FNDA:3,doQuery
DA:1,1
DA:2,1
DA:3,1
DA:4,1
DA:5,1
DA:6,1
DA:7,1
DA:8,1
DA:9,1
DA:10,1
DA:11,1
DA:12,1
DA:13,1
DA:14,1
DA:15,1
DA:16,1
DA:17,1
DA:18,1
DA:19,14
DA:20,14
DA:21,14
DA:22,14
DA:23,14
DA:24,1
DA:25,1
DA:26,1
DA:27,1
DA:28,1
DA:29,1
DA:30,1
DA:31,9
DA:32,8
DA:33,8
DA:34,9
DA:35,9
DA:36,9
DA:37,1
DA:38,1
DA:39,8
DA:40,8
DA:41,1
DA:42,1
DA:43,1
DA:44,1
DA:45,1
DA:46,1
DA:47,1
DA:48,1
DA:49,1
DA:50,3
DA:51,3
DA:52,3
DA:53,3
DA:54,3
DA:55,3
DA:56,3
DA:57,3
DA:58,3
DA:59,3
DA:60,3
DA:61,3
DA:62,3
DA:63,3
DA:64,3
DA:65,3
DA:66,3
DA:67,3
DA:68,3
DA:69,3
DA:70,2
DA:71,2
DA:72,2
DA:73,1
DA:74,1
DA:75,1
DA:76,1
DA:77,1
DA:78,1
DA:79,1
DA:80,1
DA:81,1
DA:82,1
DA:83,3
DA:84,3
DA:85,3
DA:86,3
DA:87,3
DA:88,3
DA:89,3
DA:90,3
DA:91,3
DA:92,3
DA:93,3
DA:94,3
DA:95,3
DA:96,3
DA:97,3
DA:98,3
DA:99,3
DA:100,3
DA:101,3
DA:102,3
DA:103,3
DA:104,3
DA:105,3
DA:106,3
DA:107,3
DA:108,3
DA:109,3
DA:110,3
DA:111,3
DA:112,2
DA:113,2
DA:114,2
DA:115,2
DA:116,2
DA:117,2
DA:118,2
DA:119,2
DA:120,2
DA:121,1
DA:122,1
DA:123,1
DA:124,1
DA:125,1
DA:126,1
DA:127,1
DA:128,1
DA:129,1
LF:129
LH:129
BRDA:14,0,0,14
BRDA:18,1,0,14
BRDA:30,2,0,9
BRDA:31,3,0,8
BRDA:38,4,0,8
BRDA:49,5,0,3
BRDA:69,6,0,2
BRDA:82,7,0,3
BRDA:111,8,0,2
BRF:9
BRH:9
end_of_record
TN:
SF:src/utils/Logger.ts
FN:14,<instance_members_initializer>
FN:16,Logger
FN:27,getInstance
FN:42,destroyInstance
FN:51,getObtionLogger
FN:92,writeLogger
FN:114,showLog
FNF:7
FNH:7
FNDA:11,<instance_members_initializer>
FNDA:11,Logger
FNDA:23,getInstance
FNDA:4,destroyInstance
FNDA:23,getObtionLogger
FNDA:24,writeLogger
FNDA:4,showLog
DA:1,1
DA:2,1
DA:3,1
DA:4,1
DA:5,1
DA:6,1
DA:7,1
DA:8,1
DA:9,1
DA:10,1
DA:11,1
DA:12,1
DA:13,1
DA:14,1
DA:15,1
DA:16,1
DA:17,11
DA:18,11
DA:19,11
DA:20,11
DA:21,1
DA:22,1
DA:23,1
DA:24,1
DA:25,1
DA:26,1
DA:27,1
DA:28,23
DA:29,23
DA:30,23
DA:31,11
DA:32,11
DA:33,23
DA:34,23
DA:35,23
DA:36,1
DA:37,1
DA:38,1
DA:39,1
DA:40,1
DA:41,1
DA:42,1
DA:43,4
DA:44,4
DA:45,1
DA:46,1
DA:47,1
DA:48,1
DA:49,1
DA:50,1
DA:51,1
DA:52,23
DA:53,23
DA:54,23
DA:55,23
DA:56,1
DA:57,1
DA:58,1
DA:59,1
DA:60,1
DA:61,1
DA:62,1
DA:63,23
DA:64,1
DA:65,1
DA:66,1
DA:67,1
DA:68,1
DA:69,1
DA:70,1
DA:71,23
DA:72,2
DA:73,2
DA:74,2
DA:75,2
DA:76,2
DA:77,2
DA:78,23
DA:79,23
DA:80,23
DA:81,23
DA:82,1
DA:83,1
DA:84,1
DA:85,1
DA:86,1
DA:87,1
DA:88,1
DA:89,1
DA:90,1
DA:91,1
DA:92,1
DA:93,24
DA:94,4
DA:95,4
DA:96,4
DA:97,4
DA:98,4
DA:99,4
DA:100,4
DA:101,4
DA:102,24
DA:103,1
DA:104,1
DA:105,1
DA:106,1
DA:107,1
DA:108,1
DA:109,1
DA:110,1
DA:111,1
DA:112,1
DA:113,1
DA:114,1
DA:115,4
DA:116,4
DA:117,4
DA:118,4
DA:119,4
DA:120,4
DA:121,4
DA:122,4
DA:123,4
DA:124,4
DA:125,4
DA:126,4
DA:127,4
DA:128,4
DA:129,4
DA:130,1
LF:130
LH:130
BRDA:14,0,0,11
BRDA:16,1,0,11
BRDA:17,2,0,11
BRDA:27,3,0,23
BRDA:30,4,0,11
BRDA:42,5,0,4
BRDA:51,6,0,23
BRDA:55,7,0,1
BRDA:63,8,0,1
BRDA:71,9,0,2
BRDA:92,10,0,24
BRDA:93,11,0,4
BRDA:114,12,0,4
BRDA:118,13,0,1
BRDA:118,14,0,3
BRF:15
BRH:15
end_of_record
